04:35:07 [INFO] Создание резервной копии...
04:35:07 [SUCCESS]   ✓ Backup: backend-nest/src/request/request.service.ts
04:35:07 [SUCCESS]   ✓ Backup: backend-nest/src/models/request.ts
04:35:07 [SUCCESS]   ✓ Backup: backend-nest/src/models/signal.model.ts
04:35:07 [SUCCESS]   ✓ Backup: backend-nest/src/main.ts
04:35:07 [SUCCESS]   ✓ Backup: backend-nest/src/app.module.ts
04:35:07 [INFO] Создание DTO файлов...
04:35:07 [SUCCESS]   ✓ Создан src/dto/request.dto.ts
04:35:07 [INFO] Создание обработчика ошибок...
04:35:07 [SUCCESS]   ✓ Создан src/filters/all-exceptions.filter.ts
04:35:07 [WARNING] Обновление request.service.ts...
04:35:07 [SUCCESS]   ✓ Добавлены enums и матрица переходов
04:35:07 [ACTION]   ⚠ НЕОБХОДИМО ВРУЧНУЮ добавить метод transitionStatus в класс RequestService
04:35:33 [INFO] Установка зависимостей...
04:35:33 [INFO]   Установка production зависимостей...
04:36:42 [ERROR]   ✗ Ошибка установки: npm error code ERESOLVE
npm error ERESOLVE unable to resolve dependency tree
npm error
npm error While resolving: test-ssto-backend@0.1.0
npm error Found: @nestjs/common@10.4.20
npm error node_modules/@nestjs/common
npm error   @nestjs/common@"^10.3.10" from the root project
npm error
npm error Could not resolve dependency:
npm error peer @nestjs/common@"^11.0.1" from @nestjs/swagger@11.2.0
npm error node_modules/@nestjs/swagger
npm error   @nestjs/swagger@"*" from the root project
npm error
npm error Fix the upstream dependency conflict, or retry
npm error this command with --force or --legacy-peer-deps
npm error to accept an incorrect (and potentially broken) dependency resolution.
npm error
npm error
npm error For a full report see:
npm error C:\Users\smeta\AppData\Local\npm-cache\_logs\2025-08-30T01_35_43_640Z-eresolve-report.txt
npm error A complete log of this run can be found in: C:\Users\smeta\AppData\Local\npm-cache\_logs\2025-08-30T01_35_43_640Z-debug-0.log

04:36:42 [INFO]   Установка dev зависимостей...
04:36:54 [SUCCESS]   ✓ Dev зависимости установлены
04:36:54 [SUCCESS] ✓ Создан чек-лист: C:\Projects\test-ssto-project\PRODUCTION_CHECKLIST.md